0 info it worked if it ends with ok
1 verbose cli [ 'C:\\Program Files\\nodejs\\node.exe',
1 verbose cli   'C:\\Program Files\\nodejs\\node_modules\\npm\\bin\\npm-cli.js',
1 verbose cli   'run',
1 verbose cli   'test' ]
2 info using npm@3.10.10
3 info using node@v6.10.3
4 verbose run-script [ 'pretest', 'test', 'posttest' ]
5 info lifecycle weui-test@1.0.0~pretest: weui-test@1.0.0
6 silly lifecycle weui-test@1.0.0~pretest: no script for pretest, continuing
7 info lifecycle weui-test@1.0.0~test: weui-test@1.0.0
8 verbose lifecycle weui-test@1.0.0~test: unsafe-perm in lifecycle true
9 verbose lifecycle weui-test@1.0.0~test: PATH: C:\Program Files\nodejs\node_modules\npm\bin\node-gyp-bin;D:\react\weui-test\node_modules\.bin;C:\Users\zhaolong_ak\bin;E:\software\Git\mingw64\bin;E:\software\Git\usr\local\bin;E:\software\Git\usr\bin;E:\software\Git\usr\bin;E:\software\Git\mingw64\bin;E:\software\Git\usr\bin;C:\Users\zhaolong_ak\bin;C:\ProgramData\Oracle\Java\javapath;C:\Windows\system32;C:\Windows;C:\Windows\System32\Wbem;C:\Windows\System32\WindowsPowerShell\v1.0;E:\software\matlab2016b\software\runtime\win64;E:\software\matlab2016b\software\bin;E:\software\matlab2016b\software\polyspace\bin;C:\Program Files\Microsoft SQL Server\130\Tools\Binn;C:\Python27;C:\Python27\Scripts;E:\software\mysql-5.7.17-winx64\bin;E:\software\Git\cmd;C:\Program Files\Java\jdk1.8.0_131\bin;C:\Program Files (x86)\Windows Kits\8.1\Windows Performance Toolkit;C:\Program Files\Microsoft SQL Server\110\Tools\Binn;C:\Program Files (x86)\Microsoft SDKs\TypeScript\1.0;C:\Program Files\Microsoft SQL Server\120\Tools\Binn;C:\Program Files\nodejs;D:\Storm\apache-maven-3.5.0\bin;D:\Storm\apache-storm-1.1.0\bin;C:\Ruby23-x64\bin;C:\Users\zhaolong_ak\AppData\Roaming\npm;C:\Users\zhaolong_ak\AppData\Local\Programs\Fiddler;E:\software\Git\usr\bin\vendor_perl;E:\software\Git\usr\bin\core_perl
10 verbose lifecycle weui-test@1.0.0~test: CWD: D:\react\weui-test
11 silly lifecycle weui-test@1.0.0~test: Args: [ '/d /s /c', 'echo "Error: no test specified" && exit 1' ]
12 silly lifecycle weui-test@1.0.0~test: Returned: code: 1  signal: null
13 info lifecycle weui-test@1.0.0~test: Failed to exec test script
14 verbose stack Error: weui-test@1.0.0 test: `echo "Error: no test specified" && exit 1`
14 verbose stack Exit status 1
14 verbose stack     at EventEmitter.<anonymous> (C:\Program Files\nodejs\node_modules\npm\lib\utils\lifecycle.js:255:16)
14 verbose stack     at emitTwo (events.js:106:13)
14 verbose stack     at EventEmitter.emit (events.js:191:7)
14 verbose stack     at ChildProcess.<anonymous> (C:\Program Files\nodejs\node_modules\npm\lib\utils\spawn.js:40:14)
14 verbose stack     at emitTwo (events.js:106:13)
14 verbose stack     at ChildProcess.emit (events.js:191:7)
14 verbose stack     at maybeClose (internal/child_process.js:886:16)
14 verbose stack     at Process.ChildProcess._handle.onexit (internal/child_process.js:226:5)
15 verbose pkgid weui-test@1.0.0
16 verbose cwd D:\react\weui-test
17 error Windows_NT 6.1.7601
18 error argv "C:\\Program Files\\nodejs\\node.exe" "C:\\Program Files\\nodejs\\node_modules\\npm\\bin\\npm-cli.js" "run" "test"
19 error node v6.10.3
20 error npm  v3.10.10
21 error code ELIFECYCLE
22 error weui-test@1.0.0 test: `echo "Error: no test specified" && exit 1`
22 error Exit status 1
23 error Failed at the weui-test@1.0.0 test script 'echo "Error: no test specified" && exit 1'.
23 error Make sure you have the latest version of node.js and npm installed.
23 error If you do, this is most likely a problem with the weui-test package,
23 error not with npm itself.
23 error Tell the author that this fails on your system:
23 error     echo "Error: no test specified" && exit 1
23 error You can get information on how to open an issue for this project with:
23 error     npm bugs weui-test
23 error Or if that isn't available, you can get their info via:
23 error     npm owner ls weui-test
23 error There is likely additional logging output above.
24 verbose exit [ 1, true ]
